<?xml version="1.0" encoding="UTF-8"?>
<!-- Generated by org.testng.reporters.JUnitXMLReporter -->
<testsuite ignored="0" hostname="CG-DTE-Student" failures="0" tests="6" name="Test" time="1.133" errors="0" timestamp="2021-05-02T00:27:35 IST">
  <testcase classname="amitrajput.SeleniumTest" name="BrowserAutomation" time="0.016"/>
  <testcase classname="amitrajput.SeleniumTest" name="elementUi" time="0.012"/>
  <testcase classname="amitrajput.AppiumTest" name="IOS" time="0.022"/>
  <testcase classname="amitrajput.AppiumTest" name="nativeAppAndorid" time="0.007"/>
  <testcase classname="amitrajput.RESTAPITest" name="PostJira" time="0.022"/>
  <testcase classname="amitrajput.RESTAPITest" name="deleteTwitter" time="0.011"/>
</testsuite> <!-- Test -->
