<?xml version="1.0" encoding="UTF-8"?>
<!-- Generated by org.testng.reporters.JUnitXMLReporter -->
<testsuite ignored="0" hostname="CG-DTE-Student" failures="0" tests="6" name="Command line test" time="1.457" errors="0" timestamp="2021-05-02T00:29:12 IST">
  <testcase classname="amitrajput.AppiumTest" name="IOS" time="0.023"/>
  <testcase classname="amitrajput.AppiumTest" name="nativeAppAndorid" time="0.001"/>
  <testcase classname="amitrajput.RESTAPITest" name="PostJira" time="0.001"/>
  <testcase classname="amitrajput.RESTAPITest" name="deleteTwitter" time="0.002"/>
  <testcase classname="amitrajput.SeleniumTest" name="BrowserAutomation" time="0.001"/>
  <testcase classname="amitrajput.SeleniumTest" name="elementUi" time="0.003"/>
</testsuite> <!-- Command line test -->
