<?xml version="1.0" encoding="UTF-8"?>
<!-- Generated by org.testng.reporters.JUnitXMLReporter -->
<testsuite ignored="0" hostname="CG-DTE-Student" failures="0" tests="6" name="Test" time="0.127" errors="0" timestamp="2021-04-29T09:59:57 IST">
  <testcase classname="amitrajput.SeleniumTest" name="BrowserAutomation" time="0.009"/>
  <testcase classname="amitrajput.SeleniumTest" name="elementUi" time="0.0"/>
  <testcase classname="amitrajput.AppiumTest" name="IOS" time="0.001"/>
  <testcase classname="amitrajput.AppiumTest" name="nativeAppAndorid" time="0.001"/>
  <testcase classname="amitrajput.RESTAPITest" name="PostJira" time="0.001"/>
  <testcase classname="amitrajput.RESTAPITest" name="deleteTwitter" time="0.001"/>
</testsuite> <!-- Test -->
