<?xml version="1.0" encoding="UTF-8"?>
<testng-results ignored="0" total="6" passed="6" failed="0" skipped="0">
  <reporter-output>
  </reporter-output>
  <suite started-at="2021-05-02T00:29:11 IST" name="Command line suite" finished-at="2021-05-02T00:29:12 IST" duration-ms="1457">
    <groups>
    </groups>
    <test started-at="2021-05-02T00:29:11 IST" name="Command line test" finished-at="2021-05-02T00:29:12 IST" duration-ms="1457">
      <class name="amitrajput.AppiumTest">
        <test-method is-config="true" signature="config()[pri:0, instance:amitrajput.AppiumTest@731f8236]" started-at="2021-05-02T00:29:11 IST" name="config" finished-at="2021-05-02T00:29:12 IST" duration-ms="1261" status="PASS">
          <reporter-output>
          </reporter-output>
        </test-method> <!-- config -->
        <test-method signature="IOS()[pri:0, instance:amitrajput.AppiumTest@731f8236]" started-at="2021-05-02T00:29:12 IST" name="IOS" finished-at="2021-05-02T00:29:12 IST" duration-ms="23" status="PASS">
          <reporter-output>
          </reporter-output>
        </test-method> <!-- IOS -->
        <test-method signature="nativeAppAndorid()[pri:0, instance:amitrajput.AppiumTest@731f8236]" started-at="2021-05-02T00:29:12 IST" name="nativeAppAndorid" finished-at="2021-05-02T00:29:12 IST" duration-ms="1" status="PASS">
          <reporter-output>
          </reporter-output>
        </test-method> <!-- nativeAppAndorid -->
      </class> <!-- amitrajput.AppiumTest -->
      <class name="amitrajput.RESTAPITest">
        <test-method signature="PostJira()[pri:0, instance:amitrajput.RESTAPITest@176d53b2]" started-at="2021-05-02T00:29:12 IST" name="PostJira" finished-at="2021-05-02T00:29:12 IST" duration-ms="1" status="PASS">
          <reporter-output>
          </reporter-output>
        </test-method> <!-- PostJira -->
        <test-method signature="deleteTwitter()[pri:0, instance:amitrajput.RESTAPITest@176d53b2]" started-at="2021-05-02T00:29:12 IST" name="deleteTwitter" finished-at="2021-05-02T00:29:12 IST" duration-ms="2" status="PASS">
          <reporter-output>
          </reporter-output>
        </test-method> <!-- deleteTwitter -->
      </class> <!-- amitrajput.RESTAPITest -->
      <class name="amitrajput.SeleniumTest">
        <test-method signature="BrowserAutomation()[pri:0, instance:amitrajput.SeleniumTest@971d0d8]" started-at="2021-05-02T00:29:12 IST" name="BrowserAutomation" finished-at="2021-05-02T00:29:12 IST" duration-ms="1" status="PASS">
          <reporter-output>
          </reporter-output>
        </test-method> <!-- BrowserAutomation -->
        <test-method signature="elementUi()[pri:0, instance:amitrajput.SeleniumTest@971d0d8]" started-at="2021-05-02T00:29:12 IST" name="elementUi" finished-at="2021-05-02T00:29:12 IST" duration-ms="3" status="PASS">
          <reporter-output>
          </reporter-output>
        </test-method> <!-- elementUi -->
      </class> <!-- amitrajput.SeleniumTest -->
    </test> <!-- Command line test -->
  </suite> <!-- Command line suite -->
</testng-results>
