<?xml version="1.0" encoding="UTF-8"?>
<testng-results ignored="0" total="6" passed="6" failed="0" skipped="0">
  <reporter-output>
  </reporter-output>
  <suite started-at="2021-05-02T00:27:34 IST" name="Suite" finished-at="2021-05-02T00:27:35 IST" duration-ms="1133">
    <groups>
    </groups>
    <test started-at="2021-05-02T00:27:34 IST" name="Test" finished-at="2021-05-02T00:27:35 IST" duration-ms="1133">
      <class name="amitrajput.AppiumTest">
        <test-method is-config="true" signature="config()[pri:0, instance:amitrajput.AppiumTest@35aea049]" started-at="2021-05-02T00:27:34 IST" name="config" finished-at="2021-05-02T00:27:35 IST" duration-ms="890" status="PASS">
          <reporter-output>
          </reporter-output>
        </test-method> <!-- config -->
        <test-method signature="IOS()[pri:0, instance:amitrajput.AppiumTest@35aea049]" started-at="2021-05-02T00:27:35 IST" name="IOS" finished-at="2021-05-02T00:27:35 IST" duration-ms="22" status="PASS">
          <reporter-output>
          </reporter-output>
        </test-method> <!-- IOS -->
        <test-method signature="nativeAppAndorid()[pri:0, instance:amitrajput.AppiumTest@35aea049]" started-at="2021-05-02T00:27:35 IST" name="nativeAppAndorid" finished-at="2021-05-02T00:27:35 IST" duration-ms="7" status="PASS">
          <reporter-output>
          </reporter-output>
        </test-method> <!-- nativeAppAndorid -->
      </class> <!-- amitrajput.AppiumTest -->
      <class name="amitrajput.RESTAPITest">
        <test-method signature="PostJira()[pri:0, instance:amitrajput.RESTAPITest@47987356]" started-at="2021-05-02T00:27:35 IST" name="PostJira" finished-at="2021-05-02T00:27:35 IST" duration-ms="22" status="PASS">
          <reporter-output>
          </reporter-output>
        </test-method> <!-- PostJira -->
        <test-method signature="deleteTwitter()[pri:0, instance:amitrajput.RESTAPITest@47987356]" started-at="2021-05-02T00:27:35 IST" name="deleteTwitter" finished-at="2021-05-02T00:27:35 IST" duration-ms="11" status="PASS">
          <reporter-output>
          </reporter-output>
        </test-method> <!-- deleteTwitter -->
      </class> <!-- amitrajput.RESTAPITest -->
      <class name="amitrajput.SeleniumTest">
        <test-method signature="BrowserAutomation()[pri:0, instance:amitrajput.SeleniumTest@7205765b]" started-at="2021-05-02T00:27:35 IST" name="BrowserAutomation" finished-at="2021-05-02T00:27:35 IST" duration-ms="16" status="PASS">
          <reporter-output>
          </reporter-output>
        </test-method> <!-- BrowserAutomation -->
        <test-method signature="elementUi()[pri:0, instance:amitrajput.SeleniumTest@7205765b]" started-at="2021-05-02T00:27:35 IST" name="elementUi" finished-at="2021-05-02T00:27:35 IST" duration-ms="12" status="PASS">
          <reporter-output>
          </reporter-output>
        </test-method> <!-- elementUi -->
      </class> <!-- amitrajput.SeleniumTest -->
    </test> <!-- Test -->
  </suite> <!-- Suite -->
</testng-results>
